<?xml version="1.0" encoding="UTF-8"?>
<!-- Generated by org.testng.reporters.JUnitReportReporter -->
<testsuite hostname="KK" failures="0" tests="4" name="HRMTEST.TESTNG1" time="24.758" errors="0" timestamp="2022-05-26T17:43:46 IST" skipped="0">
  <testcase classname="HRMTEST.TESTNG1" name="Loginpage1" time="10.870"/>
  <system-out/>
  <testcase classname="HRMTEST.TESTNG1" name="AssignLeave" time="6.590"/>
  <system-out/>
  <testcase classname="HRMTEST.TESTNG1" name="enterdate" time="4.439"/>
  <system-out/>
  <testcase classname="HRMTEST.TESTNG1" name="timesheet" time="2.859"/>
  <system-out/>
</testsuite> <!-- HRMTEST.TESTNG1 -->
